<?xml version="1.0" encoding="UTF-8"?>
<!-- Generated by org.testng.reporters.JUnitReportReporter -->
<testsuite skipped="0" hostname="WINDOWS-7C8U7SP" name="AppTest" tests="2" failures="0" timestamp="2019-12-04T16:04:24 IST" time="25.371" errors="0">
  <testcase name="setKeys" time="21.462" classname="AppTest"/>
  <testcase name="getMethod" time="3.909" classname="AppTest"/>
</testsuite> <!-- AppTest -->
